2025-11-11 20:16:11 - ═══════════════════════════════════════════════════════════════════════════
2025-11-11 20:16:11 - VÉRIFICATION PRÉREQUIS
2025-11-11 20:16:11 - ═══════════════════════════════════════════════════════════════════════════
2025-11-11 20:16:11 - [1/3] Git...
2025-11-11 20:16:11 - ✓ Git : git version 2.51.0
2025-11-11 20:16:11 - [2/3] GitHub CLI...
2025-11-11 20:16:11 - ✓ gh : gh version 2.46.0 (2025-01-13 Debian 2.46.0-3)
2025-11-11 20:16:11 - [3/3] Authentification GitHub...
2025-11-11 20:16:11 - ✓ Authentification active
2025-11-11 20:16:11 - ═══════════════════════════════════════════════════════════════════════════
2025-11-11 20:16:11 - ✓ TOUS PRÉREQUIS OK
2025-11-11 20:16:11 - ═══════════════════════════════════════════════════════════════════════════
2025-11-11 20:16:11 - ═══════════════════════════════════════════════════════════════════════════
2025-11-11 20:16:11 - CRÉATION DÉPÔT GIT COMPLET
2025-11-11 20:16:11 - ═══════════════════════════════════════════════════════════════════════════
2025-11-11 20:16:11 - [1/8] Répertoire local: /mnt/data2_78g/Security/scripts/Projects_security/cmd.airmon-to-dos
2025-11-11 20:16:11 - → Répertoire existe, conservation fichiers
2025-11-11 20:16:11 - ✓ Accès répertoire OK
2025-11-11 20:16:11 - [2/8] Vérification Git...
2025-11-11 20:16:11 - → Initialisation nouveau dépôt Git (branche main)
2025-11-11 20:16:11 - [3/8] Fichiers de base...
2025-11-11 20:16:11 - → README.md existe, SKIP création
2025-11-11 20:16:11 - → Pas de .gitignore demandé
2025-11-11 20:16:11 - [4/8] Dépôt distant GitHub...
2025-11-11 20:16:12 - ✓ Dépôt distant créé
2025-11-11 20:16:12 - [5/8] Remote origin...
2025-11-11 20:16:12 - ✓ Remote configurée
2025-11-11 20:16:12 - [6/8] Commit initial et push vers main...
